Build output check failed:
    Regex: 'command[- ]line option .* is valid for .* but not for C\+\+'
    Output line: 'cc1plus: warning: command line option '-Wmissing-prototypes' is valid for C/ObjC but not for C++'
Compilation failed:
    source file: '/root/workfiles/opencv-4.5.4/build/build/CMakeFiles/CMakeTmp/src.cxx'
    check option: ' -fsigned-char -W -Wall -Werror=return-type -Werror=non-virtual-dtor -Werror=address -Werror=sequence-point -Wformat -Werror=format-security -Wmissing-declarations  -Wmissing-prototypes'
===== BUILD LOG =====
Change Dir: /root/workfiles/opencv-4.5.4/build/build/CMakeFiles/CMakeTmp

Run Build Command(s):/usr/bin/make cmTC_dab4c/fast && /usr/bin/make  -f CMakeFiles/cmTC_dab4c.dir/build.make CMakeFiles/cmTC_dab4c.dir/build
make[1]: Entering directory '/root/workfiles/opencv-4.5.4/build/build/CMakeFiles/CMakeTmp'
Building CXX object CMakeFiles/cmTC_dab4c.dir/src.cxx.o
/usr/bin/c++   -O3 -DNDEBUG -fPIE    -fsigned-char -W -Wall -Werror=return-type -Werror=non-virtual-dtor -Werror=address -Werror=sequence-point -Wformat -Werror=format-security -Wmissing-declarations  -Wmissing-prototypes -std=c++11 -o CMakeFiles/cmTC_dab4c.dir/src.cxx.o -c /root/workfiles/opencv-4.5.4/build/build/CMakeFiles/CMakeTmp/src.cxx
cc1plus: warning: command line option '-Wmissing-prototypes' is valid for C/ObjC but not for C++
/root/workfiles/opencv-4.5.4/build/build/CMakeFiles/CMakeTmp/src.cxx:1:0: warning: ignoring #pragma   [-Wunknown-pragmas]
 #pragma
 ^
Linking CXX executable cmTC_dab4c
/usr/local/bin/cmake -E cmake_link_script CMakeFiles/cmTC_dab4c.dir/link.txt --verbose=1
/usr/bin/c++ -O3 -DNDEBUG CMakeFiles/cmTC_dab4c.dir/src.cxx.o -o cmTC_dab4c 
make[1]: Leaving directory '/root/workfiles/opencv-4.5.4/build/build/CMakeFiles/CMakeTmp'


===== END =====

Build output check failed:
    Regex: 'command[- ]line option .* is valid for .* but not for C\+\+'
    Output line: 'cc1plus: warning: command line option '-Wstrict-prototypes' is valid for C/ObjC but not for C++'
Compilation failed:
    source file: '/root/workfiles/opencv-4.5.4/build/build/CMakeFiles/CMakeTmp/src.cxx'
    check option: ' -fsigned-char -W -Wall -Werror=return-type -Werror=non-virtual-dtor -Werror=address -Werror=sequence-point -Wformat -Werror=format-security -Wmissing-declarations  -Wstrict-prototypes'
===== BUILD LOG =====
Change Dir: /root/workfiles/opencv-4.5.4/build/build/CMakeFiles/CMakeTmp

Run Build Command(s):/usr/bin/make cmTC_d2dae/fast && /usr/bin/make  -f CMakeFiles/cmTC_d2dae.dir/build.make CMakeFiles/cmTC_d2dae.dir/build
make[1]: Entering directory '/root/workfiles/opencv-4.5.4/build/build/CMakeFiles/CMakeTmp'
Building CXX object CMakeFiles/cmTC_d2dae.dir/src.cxx.o
/usr/bin/c++   -O3 -DNDEBUG -fPIE    -fsigned-char -W -Wall -Werror=return-type -Werror=non-virtual-dtor -Werror=address -Werror=sequence-point -Wformat -Werror=format-security -Wmissing-declarations  -Wstrict-prototypes -std=c++11 -o CMakeFiles/cmTC_d2dae.dir/src.cxx.o -c /root/workfiles/opencv-4.5.4/build/build/CMakeFiles/CMakeTmp/src.cxx
cc1plus: warning: command line option '-Wstrict-prototypes' is valid for C/ObjC but not for C++
/root/workfiles/opencv-4.5.4/build/build/CMakeFiles/CMakeTmp/src.cxx:1:0: warning: ignoring #pragma   [-Wunknown-pragmas]
 #pragma
 ^
Linking CXX executable cmTC_d2dae
/usr/local/bin/cmake -E cmake_link_script CMakeFiles/cmTC_d2dae.dir/link.txt --verbose=1
/usr/bin/c++ -O3 -DNDEBUG CMakeFiles/cmTC_d2dae.dir/src.cxx.o -o cmTC_d2dae 
make[1]: Leaving directory '/root/workfiles/opencv-4.5.4/build/build/CMakeFiles/CMakeTmp'


===== END =====

Build output check failed:
    Regex: 'command[- ]line option .* is valid for .* but not for C'
    Output line: 'cc1: warning: command line option '-Wsign-promo' is valid for C++/ObjC++ but not for C'
Compilation failed:
    source file: '/root/workfiles/opencv-4.5.4/build/build/CMakeFiles/CMakeTmp/src.c'
    check option: ' -fsigned-char -W -Wall -Werror=return-type -Werror=non-virtual-dtor -Werror=address -Werror=sequence-point -Wformat -Werror=format-security -Wmissing-declarations -Wmissing-prototypes -Wstrict-prototypes -Wundef -Winit-self -Wpointer-arith -Wshadow  -Wsign-promo'
===== BUILD LOG =====
Change Dir: /root/workfiles/opencv-4.5.4/build/build/CMakeFiles/CMakeTmp

Run Build Command(s):/usr/bin/make cmTC_b1b9f/fast && /usr/bin/make  -f CMakeFiles/cmTC_b1b9f.dir/build.make CMakeFiles/cmTC_b1b9f.dir/build
make[1]: Entering directory '/root/workfiles/opencv-4.5.4/build/build/CMakeFiles/CMakeTmp'
Building C object CMakeFiles/cmTC_b1b9f.dir/src.c.o
/usr/bin/cc   -O3 -DNDEBUG -fPIE    -fsigned-char -W -Wall -Werror=return-type -Werror=non-virtual-dtor -Werror=address -Werror=sequence-point -Wformat -Werror=format-security -Wmissing-declarations -Wmissing-prototypes -Wstrict-prototypes -Wundef -Winit-self -Wpointer-arith -Wshadow  -Wsign-promo -o CMakeFiles/cmTC_b1b9f.dir/src.c.o -c /root/workfiles/opencv-4.5.4/build/build/CMakeFiles/CMakeTmp/src.c
cc1: warning: command line option '-Wsign-promo' is valid for C++/ObjC++ but not for C
/root/workfiles/opencv-4.5.4/build/build/CMakeFiles/CMakeTmp/src.c:1:0: warning: ignoring #pragma   [-Wunknown-pragmas]
 #pragma
 ^
Linking C executable cmTC_b1b9f
/usr/local/bin/cmake -E cmake_link_script CMakeFiles/cmTC_b1b9f.dir/link.txt --verbose=1
/usr/bin/cc -O3 -DNDEBUG CMakeFiles/cmTC_b1b9f.dir/src.c.o -o cmTC_b1b9f 
make[1]: Leaving directory '/root/workfiles/opencv-4.5.4/build/build/CMakeFiles/CMakeTmp'


===== END =====

Build output check failed:
    Regex: 'command[- ]line option .* is valid for .* but not for C'
    Output line: 'cc1: warning: command line option '-Wsuggest-override' is valid for C++/ObjC++ but not for C'
Compilation failed:
    source file: '/root/workfiles/opencv-4.5.4/build/build/CMakeFiles/CMakeTmp/src.c'
    check option: ' -fsigned-char -W -Wall -Werror=return-type -Werror=non-virtual-dtor -Werror=address -Werror=sequence-point -Wformat -Werror=format-security -Wmissing-declarations -Wmissing-prototypes -Wstrict-prototypes -Wundef -Winit-self -Wpointer-arith -Wshadow -Wuninitialized  -Wsuggest-override'
===== BUILD LOG =====
Change Dir: /root/workfiles/opencv-4.5.4/build/build/CMakeFiles/CMakeTmp

Run Build Command(s):/usr/bin/make cmTC_02751/fast && /usr/bin/make  -f CMakeFiles/cmTC_02751.dir/build.make CMakeFiles/cmTC_02751.dir/build
make[1]: Entering directory '/root/workfiles/opencv-4.5.4/build/build/CMakeFiles/CMakeTmp'
Building C object CMakeFiles/cmTC_02751.dir/src.c.o
/usr/bin/cc   -O3 -DNDEBUG -fPIE    -fsigned-char -W -Wall -Werror=return-type -Werror=non-virtual-dtor -Werror=address -Werror=sequence-point -Wformat -Werror=format-security -Wmissing-declarations -Wmissing-prototypes -Wstrict-prototypes -Wundef -Winit-self -Wpointer-arith -Wshadow -Wuninitialized  -Wsuggest-override -o CMakeFiles/cmTC_02751.dir/src.c.o -c /root/workfiles/opencv-4.5.4/build/build/CMakeFiles/CMakeTmp/src.c
cc1: warning: command line option '-Wsuggest-override' is valid for C++/ObjC++ but not for C
/root/workfiles/opencv-4.5.4/build/build/CMakeFiles/CMakeTmp/src.c:1:0: warning: ignoring #pragma   [-Wunknown-pragmas]
 #pragma
 ^
Linking C executable cmTC_02751
/usr/local/bin/cmake -E cmake_link_script CMakeFiles/cmTC_02751.dir/link.txt --verbose=1
/usr/bin/cc -O3 -DNDEBUG CMakeFiles/cmTC_02751.dir/src.c.o -o cmTC_02751 
make[1]: Leaving directory '/root/workfiles/opencv-4.5.4/build/build/CMakeFiles/CMakeTmp'


===== END =====

Build output check failed:
    Regex: 'command[- ]line option .* is valid for .* but not for C'
    Output line: 'cc1: warning: command line option '-Wno-delete-non-virtual-dtor' is valid for C++/ObjC++ but not for C'
Compilation failed:
    source file: '/root/workfiles/opencv-4.5.4/build/build/CMakeFiles/CMakeTmp/src.c'
    check option: ' -fsigned-char -W -Wall -Werror=return-type -Werror=non-virtual-dtor -Werror=address -Werror=sequence-point -Wformat -Werror=format-security -Wmissing-declarations -Wmissing-prototypes -Wstrict-prototypes -Wundef -Winit-self -Wpointer-arith -Wshadow -Wuninitialized  -Wno-delete-non-virtual-dtor'
===== BUILD LOG =====
Change Dir: /root/workfiles/opencv-4.5.4/build/build/CMakeFiles/CMakeTmp

Run Build Command(s):/usr/bin/make cmTC_7f0af/fast && /usr/bin/make  -f CMakeFiles/cmTC_7f0af.dir/build.make CMakeFiles/cmTC_7f0af.dir/build
make[1]: Entering directory '/root/workfiles/opencv-4.5.4/build/build/CMakeFiles/CMakeTmp'
Building C object CMakeFiles/cmTC_7f0af.dir/src.c.o
/usr/bin/cc   -O3 -DNDEBUG -fPIE    -fsigned-char -W -Wall -Werror=return-type -Werror=non-virtual-dtor -Werror=address -Werror=sequence-point -Wformat -Werror=format-security -Wmissing-declarations -Wmissing-prototypes -Wstrict-prototypes -Wundef -Winit-self -Wpointer-arith -Wshadow -Wuninitialized  -Wno-delete-non-virtual-dtor -o CMakeFiles/cmTC_7f0af.dir/src.c.o -c /root/workfiles/opencv-4.5.4/build/build/CMakeFiles/CMakeTmp/src.c
cc1: warning: command line option '-Wno-delete-non-virtual-dtor' is valid for C++/ObjC++ but not for C
/root/workfiles/opencv-4.5.4/build/build/CMakeFiles/CMakeTmp/src.c:1:0: warning: ignoring #pragma   [-Wunknown-pragmas]
 #pragma
 ^
Linking C executable cmTC_7f0af
/usr/local/bin/cmake -E cmake_link_script CMakeFiles/cmTC_7f0af.dir/link.txt --verbose=1
/usr/bin/cc -O3 -DNDEBUG CMakeFiles/cmTC_7f0af.dir/src.c.o -o cmTC_7f0af 
make[1]: Leaving directory '/root/workfiles/opencv-4.5.4/build/build/CMakeFiles/CMakeTmp'


===== END =====

Build output check failed:
    Regex: 'unrecognized .*option'
    Output line: 'cc1plus: warning: unrecognized command line option '-Wno-unnamed-type-template-args''
Compilation failed:
    source file: '/root/workfiles/opencv-4.5.4/build/build/CMakeFiles/CMakeTmp/src.cxx'
    check option: ' -fsigned-char -W -Wall -Werror=return-type -Werror=non-virtual-dtor -Werror=address -Werror=sequence-point -Wformat -Werror=format-security -Wmissing-declarations -Wundef -Winit-self -Wpointer-arith -Wshadow -Wsign-promo -Wuninitialized -Wsuggest-override -Wno-delete-non-virtual-dtor  -Wno-unnamed-type-template-args'
===== BUILD LOG =====
Change Dir: /root/workfiles/opencv-4.5.4/build/build/CMakeFiles/CMakeTmp

Run Build Command(s):/usr/bin/make cmTC_abf38/fast && /usr/bin/make  -f CMakeFiles/cmTC_abf38.dir/build.make CMakeFiles/cmTC_abf38.dir/build
make[1]: Entering directory '/root/workfiles/opencv-4.5.4/build/build/CMakeFiles/CMakeTmp'
Building CXX object CMakeFiles/cmTC_abf38.dir/src.cxx.o
/usr/bin/c++   -O3 -DNDEBUG -fPIE    -fsigned-char -W -Wall -Werror=return-type -Werror=non-virtual-dtor -Werror=address -Werror=sequence-point -Wformat -Werror=format-security -Wmissing-declarations -Wundef -Winit-self -Wpointer-arith -Wshadow -Wsign-promo -Wuninitialized -Wsuggest-override -Wno-delete-non-virtual-dtor  -Wno-unnamed-type-template-args -std=c++11 -o CMakeFiles/cmTC_abf38.dir/src.cxx.o -c /root/workfiles/opencv-4.5.4/build/build/CMakeFiles/CMakeTmp/src.cxx
/root/workfiles/opencv-4.5.4/build/build/CMakeFiles/CMakeTmp/src.cxx:1:0: warning: ignoring #pragma   [-Wunknown-pragmas]
 #pragma
 ^
cc1plus: warning: unrecognized command line option '-Wno-unnamed-type-template-args'
Linking CXX executable cmTC_abf38
/usr/local/bin/cmake -E cmake_link_script CMakeFiles/cmTC_abf38.dir/link.txt --verbose=1
/usr/bin/c++ -O3 -DNDEBUG CMakeFiles/cmTC_abf38.dir/src.cxx.o -o cmTC_abf38 
make[1]: Leaving directory '/root/workfiles/opencv-4.5.4/build/build/CMakeFiles/CMakeTmp'


===== END =====

Build output check failed:
    Regex: 'unrecognized .*option'
    Output line: 'cc1: warning: unrecognized command line option '-Wno-unnamed-type-template-args''
Compilation failed:
    source file: '/root/workfiles/opencv-4.5.4/build/build/CMakeFiles/CMakeTmp/src.c'
    check option: ' -fsigned-char -W -Wall -Werror=return-type -Werror=non-virtual-dtor -Werror=address -Werror=sequence-point -Wformat -Werror=format-security -Wmissing-declarations -Wmissing-prototypes -Wstrict-prototypes -Wundef -Winit-self -Wpointer-arith -Wshadow -Wuninitialized  -Wno-unnamed-type-template-args'
===== BUILD LOG =====
Change Dir: /root/workfiles/opencv-4.5.4/build/build/CMakeFiles/CMakeTmp

Run Build Command(s):/usr/bin/make cmTC_a2a64/fast && /usr/bin/make  -f CMakeFiles/cmTC_a2a64.dir/build.make CMakeFiles/cmTC_a2a64.dir/build
make[1]: Entering directory '/root/workfiles/opencv-4.5.4/build/build/CMakeFiles/CMakeTmp'
Building C object CMakeFiles/cmTC_a2a64.dir/src.c.o
/usr/bin/cc   -O3 -DNDEBUG -fPIE    -fsigned-char -W -Wall -Werror=return-type -Werror=non-virtual-dtor -Werror=address -Werror=sequence-point -Wformat -Werror=format-security -Wmissing-declarations -Wmissing-prototypes -Wstrict-prototypes -Wundef -Winit-self -Wpointer-arith -Wshadow -Wuninitialized  -Wno-unnamed-type-template-args -o CMakeFiles/cmTC_a2a64.dir/src.c.o -c /root/workfiles/opencv-4.5.4/build/build/CMakeFiles/CMakeTmp/src.c
/root/workfiles/opencv-4.5.4/build/build/CMakeFiles/CMakeTmp/src.c:1:0: warning: ignoring #pragma   [-Wunknown-pragmas]
 #pragma
 ^
cc1: warning: unrecognized command line option '-Wno-unnamed-type-template-args'
Linking C executable cmTC_a2a64
/usr/local/bin/cmake -E cmake_link_script CMakeFiles/cmTC_a2a64.dir/link.txt --verbose=1
/usr/bin/cc -O3 -DNDEBUG CMakeFiles/cmTC_a2a64.dir/src.c.o -o cmTC_a2a64 
make[1]: Leaving directory '/root/workfiles/opencv-4.5.4/build/build/CMakeFiles/CMakeTmp'


===== END =====

Build output check failed:
    Regex: 'command[- ]line option .* is valid for .* but not for C'
    Output line: 'cc1: warning: command line option '-fvisibility-inlines-hidden' is valid for C++/ObjC++ but not for C'
Compilation failed:
    source file: '/root/workfiles/opencv-4.5.4/build/build/CMakeFiles/CMakeTmp/src.c'
    check option: ' -fsigned-char -W -Wall -Werror=return-type -Werror=non-virtual-dtor -Werror=address -Werror=sequence-point -Wformat -Werror=format-security -Wmissing-declarations -Wmissing-prototypes -Wstrict-prototypes -Wundef -Winit-self -Wpointer-arith -Wshadow -Wuninitialized -Wno-comment -fdiagnostics-show-option -pthread -fomit-frame-pointer -ffunction-sections -fdata-sections    -fvisibility=hidden  -fvisibility-inlines-hidden'
===== BUILD LOG =====
Change Dir: /root/workfiles/opencv-4.5.4/build/build/CMakeFiles/CMakeTmp

Run Build Command(s):/usr/bin/make cmTC_beade/fast && /usr/bin/make  -f CMakeFiles/cmTC_beade.dir/build.make CMakeFiles/cmTC_beade.dir/build
make[1]: Entering directory '/root/workfiles/opencv-4.5.4/build/build/CMakeFiles/CMakeTmp'
Building C object CMakeFiles/cmTC_beade.dir/src.c.o
/usr/bin/cc   -O3 -DNDEBUG -fPIE    -fsigned-char -W -Wall -Werror=return-type -Werror=non-virtual-dtor -Werror=address -Werror=sequence-point -Wformat -Werror=format-security -Wmissing-declarations -Wmissing-prototypes -Wstrict-prototypes -Wundef -Winit-self -Wpointer-arith -Wshadow -Wuninitialized -Wno-comment -fdiagnostics-show-option -pthread -fomit-frame-pointer -ffunction-sections -fdata-sections    -fvisibility=hidden  -fvisibility-inlines-hidden -o CMakeFiles/cmTC_beade.dir/src.c.o -c /root/workfiles/opencv-4.5.4/build/build/CMakeFiles/CMakeTmp/src.c
cc1: warning: command line option '-fvisibility-inlines-hidden' is valid for C++/ObjC++ but not for C
/root/workfiles/opencv-4.5.4/build/build/CMakeFiles/CMakeTmp/src.c:1:0: warning: ignoring #pragma   [-Wunknown-pragmas]
 #pragma
 ^
Linking C executable cmTC_beade
/usr/local/bin/cmake -E cmake_link_script CMakeFiles/cmTC_beade.dir/link.txt --verbose=1
/usr/bin/cc -O3 -DNDEBUG CMakeFiles/cmTC_beade.dir/src.c.o -o cmTC_beade 
make[1]: Leaving directory '/root/workfiles/opencv-4.5.4/build/build/CMakeFiles/CMakeTmp'


===== END =====

Build output check failed:
    Regex: 'unrecognized .*option'
    Output line: 'cc1: warning: unrecognized command line option '-Wno-shorten-64-to-32''
Compilation failed:
    source file: '/root/workfiles/opencv-4.5.4/build/build/CMakeFiles/CMakeTmp/src.c'
    check option: ' -Wno-shorten-64-to-32'
===== BUILD LOG =====
Change Dir: /root/workfiles/opencv-4.5.4/build/build/CMakeFiles/CMakeTmp

Run Build Command(s):/usr/bin/make cmTC_a6f95/fast && /usr/bin/make  -f CMakeFiles/cmTC_a6f95.dir/build.make CMakeFiles/cmTC_a6f95.dir/build
make[1]: Entering directory '/root/workfiles/opencv-4.5.4/build/build/CMakeFiles/CMakeTmp'
Building C object CMakeFiles/cmTC_a6f95.dir/src.c.o
/usr/bin/cc   -fsigned-char -W -Wall -Werror=return-type -Werror=non-virtual-dtor -Werror=address -Werror=sequence-point -Wformat -Werror=format-security -Wmissing-declarations -Wmissing-prototypes -Wstrict-prototypes -Wundef -Winit-self -Wpointer-arith -Wshadow -Wuninitialized -Wno-comment -fdiagnostics-show-option -pthread -fomit-frame-pointer -ffunction-sections -fdata-sections    -fvisibility=hidden -Wno-unused-parameter -Wno-sign-compare  -O3 -DNDEBUG  -DNDEBUG -fPIE    -Wno-shorten-64-to-32 -o CMakeFiles/cmTC_a6f95.dir/src.c.o -c /root/workfiles/opencv-4.5.4/build/build/CMakeFiles/CMakeTmp/src.c
/root/workfiles/opencv-4.5.4/build/build/CMakeFiles/CMakeTmp/src.c:1:0: warning: ignoring #pragma   [-Wunknown-pragmas]
 #pragma
 ^
cc1: warning: unrecognized command line option '-Wno-shorten-64-to-32'
Linking C executable cmTC_a6f95
/usr/local/bin/cmake -E cmake_link_script CMakeFiles/cmTC_a6f95.dir/link.txt --verbose=1
/usr/bin/cc    -fsigned-char -W -Wall -Werror=return-type -Werror=non-virtual-dtor -Werror=address -Werror=sequence-point -Wformat -Werror=format-security -Wmissing-declarations -Wmissing-prototypes -Wstrict-prototypes -Wundef -Winit-self -Wpointer-arith -Wshadow -Wuninitialized -Wno-comment -fdiagnostics-show-option -pthread -fomit-frame-pointer -ffunction-sections -fdata-sections    -fvisibility=hidden -Wno-unused-parameter -Wno-sign-compare  -O3 -DNDEBUG  -DNDEBUG   -Wl,--gc-sections -Wl,--as-needed  CMakeFiles/cmTC_a6f95.dir/src.c.o -o cmTC_a6f95 
make[1]: Leaving directory '/root/workfiles/opencv-4.5.4/build/build/CMakeFiles/CMakeTmp'


===== END =====

Build output check failed:
    Regex: 'unrecognized .*option'
    Output line: 'cc1: warning: unrecognized command line option '-Wno-implicit-fallthrough''
Compilation failed:
    source file: '/root/workfiles/opencv-4.5.4/build/build/CMakeFiles/CMakeTmp/src.c'
    check option: ' -Wno-implicit-fallthrough'
===== BUILD LOG =====
Change Dir: /root/workfiles/opencv-4.5.4/build/build/CMakeFiles/CMakeTmp

Run Build Command(s):/usr/bin/make cmTC_00533/fast && /usr/bin/make  -f CMakeFiles/cmTC_00533.dir/build.make CMakeFiles/cmTC_00533.dir/build
make[1]: Entering directory '/root/workfiles/opencv-4.5.4/build/build/CMakeFiles/CMakeTmp'
Building C object CMakeFiles/cmTC_00533.dir/src.c.o
/usr/bin/cc   -fsigned-char -W -Wall -Werror=return-type -Werror=non-virtual-dtor -Werror=address -Werror=sequence-point -Wformat -Werror=format-security -Wmissing-declarations -Wmissing-prototypes -Wstrict-prototypes -Wundef -Winit-self -Wpointer-arith -Wshadow -Wuninitialized -Wno-comment -fdiagnostics-show-option -pthread -fomit-frame-pointer -ffunction-sections -fdata-sections    -fvisibility=hidden -Wno-unused-parameter -Wno-sign-compare  -O3 -DNDEBUG  -DNDEBUG -fPIE    -Wno-implicit-fallthrough -o CMakeFiles/cmTC_00533.dir/src.c.o -c /root/workfiles/opencv-4.5.4/build/build/CMakeFiles/CMakeTmp/src.c
/root/workfiles/opencv-4.5.4/build/build/CMakeFiles/CMakeTmp/src.c:1:0: warning: ignoring #pragma   [-Wunknown-pragmas]
 #pragma
 ^
cc1: warning: unrecognized command line option '-Wno-implicit-fallthrough'
Linking C executable cmTC_00533
/usr/local/bin/cmake -E cmake_link_script CMakeFiles/cmTC_00533.dir/link.txt --verbose=1
/usr/bin/cc    -fsigned-char -W -Wall -Werror=return-type -Werror=non-virtual-dtor -Werror=address -Werror=sequence-point -Wformat -Werror=format-security -Wmissing-declarations -Wmissing-prototypes -Wstrict-prototypes -Wundef -Winit-self -Wpointer-arith -Wshadow -Wuninitialized -Wno-comment -fdiagnostics-show-option -pthread -fomit-frame-pointer -ffunction-sections -fdata-sections    -fvisibility=hidden -Wno-unused-parameter -Wno-sign-compare  -O3 -DNDEBUG  -DNDEBUG   -Wl,--gc-sections -Wl,--as-needed  CMakeFiles/cmTC_00533.dir/src.c.o -o cmTC_00533 
make[1]: Leaving directory '/root/workfiles/opencv-4.5.4/build/build/CMakeFiles/CMakeTmp'


===== END =====

Determining if the include file io.h exists failed with the following output:
Change Dir: /root/workfiles/opencv-4.5.4/build/build/CMakeFiles/CMakeTmp

Run Build Command(s):/usr/bin/make cmTC_b67db/fast && /usr/bin/make  -f CMakeFiles/cmTC_b67db.dir/build.make CMakeFiles/cmTC_b67db.dir/build
make[1]: Entering directory '/root/workfiles/opencv-4.5.4/build/build/CMakeFiles/CMakeTmp'
Building C object CMakeFiles/cmTC_b67db.dir/CheckIncludeFile.c.o
/usr/bin/cc   -fsigned-char -W -Wall -Werror=return-type -Werror=non-virtual-dtor -Werror=address -Werror=sequence-point -Wformat -Werror=format-security -Wmissing-declarations -Wmissing-prototypes -Wstrict-prototypes -Wundef -Winit-self -Wpointer-arith -Wshadow -Wuninitialized -Wno-comment -fdiagnostics-show-option -pthread -fomit-frame-pointer -ffunction-sections -fdata-sections    -fvisibility=hidden  -O3 -DNDEBUG  -DNDEBUG -fPIE -o CMakeFiles/cmTC_b67db.dir/CheckIncludeFile.c.o -c /root/workfiles/opencv-4.5.4/build/build/CMakeFiles/CMakeTmp/CheckIncludeFile.c
/root/workfiles/opencv-4.5.4/build/build/CMakeFiles/CMakeTmp/CheckIncludeFile.c:1:16: fatal error: io.h: No such file or directory
compilation terminated.
CMakeFiles/cmTC_b67db.dir/build.make:84: recipe for target 'CMakeFiles/cmTC_b67db.dir/CheckIncludeFile.c.o' failed
make[1]: *** [CMakeFiles/cmTC_b67db.dir/CheckIncludeFile.c.o] Error 1
make[1]: Leaving directory '/root/workfiles/opencv-4.5.4/build/build/CMakeFiles/CMakeTmp'
Makefile:140: recipe for target 'cmTC_b67db/fast' failed
make: *** [cmTC_b67db/fast] Error 2



Determining size of INT8 failed with the following output:
Change Dir: /root/workfiles/opencv-4.5.4/build/build/CMakeFiles/CMakeTmp

Run Build Command(s):/usr/bin/make cmTC_d3fa3/fast && /usr/bin/make  -f CMakeFiles/cmTC_d3fa3.dir/build.make CMakeFiles/cmTC_d3fa3.dir/build
make[1]: Entering directory '/root/workfiles/opencv-4.5.4/build/build/CMakeFiles/CMakeTmp'
Building C object CMakeFiles/cmTC_d3fa3.dir/int8.c.o
/usr/bin/cc   -fsigned-char -W -Wall -Werror=return-type -Werror=non-virtual-dtor -Werror=address -Werror=sequence-point -Wformat -Werror=format-security -Wmissing-declarations -Wmissing-prototypes -Wstrict-prototypes -Wundef -Winit-self -Wpointer-arith -Wshadow -Wuninitialized -Wno-comment -fdiagnostics-show-option -pthread -fomit-frame-pointer -ffunction-sections -fdata-sections    -fvisibility=hidden  -O3 -DNDEBUG  -DNDEBUG -fPIE -o CMakeFiles/cmTC_d3fa3.dir/int8.c.o -c /root/workfiles/opencv-4.5.4/build/build/CMakeFiles/CheckTypeSize/int8.c
/root/workfiles/opencv-4.5.4/build/build/CMakeFiles/CheckTypeSize/int8.c:27:22: error: 'INT8' undeclared here (not in a function)
 #define SIZE (sizeof(INT8))
                      ^
/root/workfiles/opencv-4.5.4/build/build/CMakeFiles/CheckTypeSize/int8.c:29:12: note: in expansion of macro 'SIZE'
   ('0' + ((SIZE / 10000)%10)),
            ^
CMakeFiles/cmTC_d3fa3.dir/build.make:84: recipe for target 'CMakeFiles/cmTC_d3fa3.dir/int8.c.o' failed
make[1]: *** [CMakeFiles/cmTC_d3fa3.dir/int8.c.o] Error 1
make[1]: Leaving directory '/root/workfiles/opencv-4.5.4/build/build/CMakeFiles/CMakeTmp'
Makefile:140: recipe for target 'cmTC_d3fa3/fast' failed
make: *** [cmTC_d3fa3/fast] Error 2


/root/workfiles/opencv-4.5.4/build/build/CMakeFiles/CheckTypeSize/int8.c:
#include <sys/types.h>
#include <stdint.h>
#include <stddef.h>


#undef KEY
#if defined(__i386)
# define KEY '_','_','i','3','8','6'
#elif defined(__x86_64)
# define KEY '_','_','x','8','6','_','6','4'
#elif defined(__PPC64__)
# define KEY '_','_','P','P','C','6','4','_','_'
#elif defined(__ppc64__)
# define KEY '_','_','p','p','c','6','4','_','_'
#elif defined(__PPC__)
# define KEY '_','_','P','P','C','_','_'
#elif defined(__ppc__)
# define KEY '_','_','p','p','c','_','_'
#elif defined(__aarch64__)
# define KEY '_','_','a','a','r','c','h','6','4','_','_'
#elif defined(__ARM_ARCH_7A__)
# define KEY '_','_','A','R','M','_','A','R','C','H','_','7','A','_','_'
#elif defined(__ARM_ARCH_7S__)
# define KEY '_','_','A','R','M','_','A','R','C','H','_','7','S','_','_'
#endif

#define SIZE (sizeof(INT8))
static char info_size[] =  {'I', 'N', 'F', 'O', ':', 's','i','z','e','[',
  ('0' + ((SIZE / 10000)%10)),
  ('0' + ((SIZE / 1000)%10)),
  ('0' + ((SIZE / 100)%10)),
  ('0' + ((SIZE / 10)%10)),
  ('0' +  (SIZE    % 10)),
  ']',
#ifdef KEY
  ' ','k','e','y','[', KEY, ']',
#endif
  '\0'};

#ifdef __CLASSIC_C__
int main(argc, argv) int argc; char *argv[];
#else
int main(int argc, char *argv[])
#endif
{
  int require = 0;
  require += info_size[argc];
  (void)argv;
  return require;
}


Determining size of INT16 failed with the following output:
Change Dir: /root/workfiles/opencv-4.5.4/build/build/CMakeFiles/CMakeTmp

Run Build Command(s):/usr/bin/make cmTC_d1ee2/fast && /usr/bin/make  -f CMakeFiles/cmTC_d1ee2.dir/build.make CMakeFiles/cmTC_d1ee2.dir/build
make[1]: Entering directory '/root/workfiles/opencv-4.5.4/build/build/CMakeFiles/CMakeTmp'
Building C object CMakeFiles/cmTC_d1ee2.dir/int16.c.o
/usr/bin/cc   -fsigned-char -W -Wall -Werror=return-type -Werror=non-virtual-dtor -Werror=address -Werror=sequence-point -Wformat -Werror=format-security -Wmissing-declarations -Wmissing-prototypes -Wstrict-prototypes -Wundef -Winit-self -Wpointer-arith -Wshadow -Wuninitialized -Wno-comment -fdiagnostics-show-option -pthread -fomit-frame-pointer -ffunction-sections -fdata-sections    -fvisibility=hidden  -O3 -DNDEBUG  -DNDEBUG -fPIE -o CMakeFiles/cmTC_d1ee2.dir/int16.c.o -c /root/workfiles/opencv-4.5.4/build/build/CMakeFiles/CheckTypeSize/int16.c
/root/workfiles/opencv-4.5.4/build/build/CMakeFiles/CheckTypeSize/int16.c:27:22: error: 'INT16' undeclared here (not in a function)
 #define SIZE (sizeof(INT16))
                      ^
/root/workfiles/opencv-4.5.4/build/build/CMakeFiles/CheckTypeSize/int16.c:29:12: note: in expansion of macro 'SIZE'
   ('0' + ((SIZE / 10000)%10)),
            ^
CMakeFiles/cmTC_d1ee2.dir/build.make:84: recipe for target 'CMakeFiles/cmTC_d1ee2.dir/int16.c.o' failed
make[1]: *** [CMakeFiles/cmTC_d1ee2.dir/int16.c.o] Error 1
make[1]: Leaving directory '/root/workfiles/opencv-4.5.4/build/build/CMakeFiles/CMakeTmp'
Makefile:140: recipe for target 'cmTC_d1ee2/fast' failed
make: *** [cmTC_d1ee2/fast] Error 2


/root/workfiles/opencv-4.5.4/build/build/CMakeFiles/CheckTypeSize/int16.c:
#include <sys/types.h>
#include <stdint.h>
#include <stddef.h>


#undef KEY
#if defined(__i386)
# define KEY '_','_','i','3','8','6'
#elif defined(__x86_64)
# define KEY '_','_','x','8','6','_','6','4'
#elif defined(__PPC64__)
# define KEY '_','_','P','P','C','6','4','_','_'
#elif defined(__ppc64__)
# define KEY '_','_','p','p','c','6','4','_','_'
#elif defined(__PPC__)
# define KEY '_','_','P','P','C','_','_'
#elif defined(__ppc__)
# define KEY '_','_','p','p','c','_','_'
#elif defined(__aarch64__)
# define KEY '_','_','a','a','r','c','h','6','4','_','_'
#elif defined(__ARM_ARCH_7A__)
# define KEY '_','_','A','R','M','_','A','R','C','H','_','7','A','_','_'
#elif defined(__ARM_ARCH_7S__)
# define KEY '_','_','A','R','M','_','A','R','C','H','_','7','S','_','_'
#endif

#define SIZE (sizeof(INT16))
static char info_size[] =  {'I', 'N', 'F', 'O', ':', 's','i','z','e','[',
  ('0' + ((SIZE / 10000)%10)),
  ('0' + ((SIZE / 1000)%10)),
  ('0' + ((SIZE / 100)%10)),
  ('0' + ((SIZE / 10)%10)),
  ('0' +  (SIZE    % 10)),
  ']',
#ifdef KEY
  ' ','k','e','y','[', KEY, ']',
#endif
  '\0'};

#ifdef __CLASSIC_C__
int main(argc, argv) int argc; char *argv[];
#else
int main(int argc, char *argv[])
#endif
{
  int require = 0;
  require += info_size[argc];
  (void)argv;
  return require;
}


Determining size of INT32 failed with the following output:
Change Dir: /root/workfiles/opencv-4.5.4/build/build/CMakeFiles/CMakeTmp

Run Build Command(s):/usr/bin/make cmTC_6d4e7/fast && /usr/bin/make  -f CMakeFiles/cmTC_6d4e7.dir/build.make CMakeFiles/cmTC_6d4e7.dir/build
make[1]: Entering directory '/root/workfiles/opencv-4.5.4/build/build/CMakeFiles/CMakeTmp'
Building C object CMakeFiles/cmTC_6d4e7.dir/int32.c.o
/usr/bin/cc   -fsigned-char -W -Wall -Werror=return-type -Werror=non-virtual-dtor -Werror=address -Werror=sequence-point -Wformat -Werror=format-security -Wmissing-declarations -Wmissing-prototypes -Wstrict-prototypes -Wundef -Winit-self -Wpointer-arith -Wshadow -Wuninitialized -Wno-comment -fdiagnostics-show-option -pthread -fomit-frame-pointer -ffunction-sections -fdata-sections    -fvisibility=hidden  -O3 -DNDEBUG  -DNDEBUG -fPIE -o CMakeFiles/cmTC_6d4e7.dir/int32.c.o -c /root/workfiles/opencv-4.5.4/build/build/CMakeFiles/CheckTypeSize/int32.c
/root/workfiles/opencv-4.5.4/build/build/CMakeFiles/CheckTypeSize/int32.c:27:22: error: 'INT32' undeclared here (not in a function)
 #define SIZE (sizeof(INT32))
                      ^
/root/workfiles/opencv-4.5.4/build/build/CMakeFiles/CheckTypeSize/int32.c:29:12: note: in expansion of macro 'SIZE'
   ('0' + ((SIZE / 10000)%10)),
            ^
CMakeFiles/cmTC_6d4e7.dir/build.make:84: recipe for target 'CMakeFiles/cmTC_6d4e7.dir/int32.c.o' failed
make[1]: *** [CMakeFiles/cmTC_6d4e7.dir/int32.c.o] Error 1
make[1]: Leaving directory '/root/workfiles/opencv-4.5.4/build/build/CMakeFiles/CMakeTmp'
Makefile:140: recipe for target 'cmTC_6d4e7/fast' failed
make: *** [cmTC_6d4e7/fast] Error 2


/root/workfiles/opencv-4.5.4/build/build/CMakeFiles/CheckTypeSize/int32.c:
#include <sys/types.h>
#include <stdint.h>
#include <stddef.h>


#undef KEY
#if defined(__i386)
# define KEY '_','_','i','3','8','6'
#elif defined(__x86_64)
# define KEY '_','_','x','8','6','_','6','4'
#elif defined(__PPC64__)
# define KEY '_','_','P','P','C','6','4','_','_'
#elif defined(__ppc64__)
# define KEY '_','_','p','p','c','6','4','_','_'
#elif defined(__PPC__)
# define KEY '_','_','P','P','C','_','_'
#elif defined(__ppc__)
# define KEY '_','_','p','p','c','_','_'
#elif defined(__aarch64__)
# define KEY '_','_','a','a','r','c','h','6','4','_','_'
#elif defined(__ARM_ARCH_7A__)
# define KEY '_','_','A','R','M','_','A','R','C','H','_','7','A','_','_'
#elif defined(__ARM_ARCH_7S__)
# define KEY '_','_','A','R','M','_','A','R','C','H','_','7','S','_','_'
#endif

#define SIZE (sizeof(INT32))
static char info_size[] =  {'I', 'N', 'F', 'O', ':', 's','i','z','e','[',
  ('0' + ((SIZE / 10000)%10)),
  ('0' + ((SIZE / 1000)%10)),
  ('0' + ((SIZE / 100)%10)),
  ('0' + ((SIZE / 10)%10)),
  ('0' +  (SIZE    % 10)),
  ']',
#ifdef KEY
  ' ','k','e','y','[', KEY, ']',
#endif
  '\0'};

#ifdef __CLASSIC_C__
int main(argc, argv) int argc; char *argv[];
#else
int main(int argc, char *argv[])
#endif
{
  int require = 0;
  require += info_size[argc];
  (void)argv;
  return require;
}


Determining if the function setmode exists failed with the following output:
Change Dir: /root/workfiles/opencv-4.5.4/build/build/CMakeFiles/CMakeTmp

Run Build Command(s):/usr/bin/make cmTC_0f295/fast && /usr/bin/make  -f CMakeFiles/cmTC_0f295.dir/build.make CMakeFiles/cmTC_0f295.dir/build
make[1]: Entering directory '/root/workfiles/opencv-4.5.4/build/build/CMakeFiles/CMakeTmp'
Building C object CMakeFiles/cmTC_0f295.dir/CheckFunctionExists.c.o
/usr/bin/cc   -fsigned-char -W -Wall -Werror=return-type -Werror=non-virtual-dtor -Werror=address -Werror=sequence-point -Wformat -Werror=format-security -Wmissing-declarations -Wmissing-prototypes -Wstrict-prototypes -Wundef -Winit-self -Wpointer-arith -Wshadow -Wuninitialized -Wno-comment -fdiagnostics-show-option -pthread -fomit-frame-pointer -ffunction-sections -fdata-sections    -fvisibility=hidden -DCHECK_FUNCTION_EXISTS=setmode -O3 -DNDEBUG  -DNDEBUG -fPIE -o CMakeFiles/cmTC_0f295.dir/CheckFunctionExists.c.o -c /usr/local/share/cmake-3.19/Modules/CheckFunctionExists.c
Linking C executable cmTC_0f295
/usr/local/bin/cmake -E cmake_link_script CMakeFiles/cmTC_0f295.dir/link.txt --verbose=1
/usr/bin/cc    -fsigned-char -W -Wall -Werror=return-type -Werror=non-virtual-dtor -Werror=address -Werror=sequence-point -Wformat -Werror=format-security -Wmissing-declarations -Wmissing-prototypes -Wstrict-prototypes -Wundef -Winit-self -Wpointer-arith -Wshadow -Wuninitialized -Wno-comment -fdiagnostics-show-option -pthread -fomit-frame-pointer -ffunction-sections -fdata-sections    -fvisibility=hidden -DCHECK_FUNCTION_EXISTS=setmode -O3 -DNDEBUG  -DNDEBUG   -Wl,--gc-sections -Wl,--as-needed  CMakeFiles/cmTC_0f295.dir/CheckFunctionExists.c.o -o cmTC_0f295 
CMakeFiles/cmTC_0f295.dir/CheckFunctionExists.c.o: In function `main':
CheckFunctionExists.c:(.text.startup.main+0x10): undefined reference to `setmode'
collect2: error: ld returned 1 exit status
CMakeFiles/cmTC_0f295.dir/build.make:105: recipe for target 'cmTC_0f295' failed
make[1]: *** [cmTC_0f295] Error 1
make[1]: Leaving directory '/root/workfiles/opencv-4.5.4/build/build/CMakeFiles/CMakeTmp'
Makefile:140: recipe for target 'cmTC_0f295/fast' failed
make: *** [cmTC_0f295/fast] Error 2



Build output check failed:
    Regex: 'unrecognized .*option'
    Output line: 'cc1: warning: unrecognized command line option '-Wno-misleading-indentation''
Compilation failed:
    source file: '/root/workfiles/opencv-4.5.4/build/build/CMakeFiles/CMakeTmp/src.c'
    check option: ' -Wno-misleading-indentation'
===== BUILD LOG =====
Change Dir: /root/workfiles/opencv-4.5.4/build/build/CMakeFiles/CMakeTmp

Run Build Command(s):/usr/bin/make cmTC_e8083/fast && /usr/bin/make  -f CMakeFiles/cmTC_e8083.dir/build.make CMakeFiles/cmTC_e8083.dir/build
make[1]: Entering directory '/root/workfiles/opencv-4.5.4/build/build/CMakeFiles/CMakeTmp'
Building C object CMakeFiles/cmTC_e8083.dir/src.c.o
/usr/bin/cc   -fsigned-char -W -Wall -Werror=return-type -Werror=non-virtual-dtor -Werror=address -Werror=sequence-point -Wformat -Werror=format-security -Wstrict-prototypes -Winit-self -Wpointer-arith -Wuninitialized -Wno-comment -fdiagnostics-show-option -pthread -fomit-frame-pointer -ffunction-sections -fdata-sections    -fvisibility=hidden -Wno-unused-but-set-variable -Wno-missing-prototypes -Wno-missing-declarations -Wno-undef -Wno-unused -Wno-sign-compare -Wno-cast-align -Wno-shadow -Wno-maybe-uninitialized -Wno-pointer-to-int-cast -Wno-int-to-pointer-cast  -O3 -DNDEBUG  -DNDEBUG -fPIE    -Wno-misleading-indentation -o CMakeFiles/cmTC_e8083.dir/src.c.o -c /root/workfiles/opencv-4.5.4/build/build/CMakeFiles/CMakeTmp/src.c
/root/workfiles/opencv-4.5.4/build/build/CMakeFiles/CMakeTmp/src.c:1:0: warning: ignoring #pragma   [-Wunknown-pragmas]
 #pragma
 ^
cc1: warning: unrecognized command line option '-Wno-misleading-indentation'
Linking C executable cmTC_e8083
/usr/local/bin/cmake -E cmake_link_script CMakeFiles/cmTC_e8083.dir/link.txt --verbose=1
/usr/bin/cc    -fsigned-char -W -Wall -Werror=return-type -Werror=non-virtual-dtor -Werror=address -Werror=sequence-point -Wformat -Werror=format-security -Wstrict-prototypes -Winit-self -Wpointer-arith -Wuninitialized -Wno-comment -fdiagnostics-show-option -pthread -fomit-frame-pointer -ffunction-sections -fdata-sections    -fvisibility=hidden -Wno-unused-but-set-variable -Wno-missing-prototypes -Wno-missing-declarations -Wno-undef -Wno-unused -Wno-sign-compare -Wno-cast-align -Wno-shadow -Wno-maybe-uninitialized -Wno-pointer-to-int-cast -Wno-int-to-pointer-cast  -O3 -DNDEBUG  -DNDEBUG   -Wl,--gc-sections -Wl,--as-needed  CMakeFiles/cmTC_e8083.dir/src.c.o -o cmTC_e8083 
make[1]: Leaving directory '/root/workfiles/opencv-4.5.4/build/build/CMakeFiles/CMakeTmp'


===== END =====

Build output check failed:
    Regex: 'command[- ]line option .* is valid for .* but not for C\+\+'
    Output line: 'cc1plus: warning: command line option '-Wno-missing-prototypes' is valid for C/ObjC but not for C++'
Compilation failed:
    source file: '/root/workfiles/opencv-4.5.4/build/build/CMakeFiles/CMakeTmp/src.cxx'
    check option: ' -Wno-missing-prototypes'
===== BUILD LOG =====
Change Dir: /root/workfiles/opencv-4.5.4/build/build/CMakeFiles/CMakeTmp

Run Build Command(s):/usr/bin/make cmTC_fbfe8/fast && /usr/bin/make  -f CMakeFiles/cmTC_fbfe8.dir/build.make CMakeFiles/cmTC_fbfe8.dir/build
make[1]: Entering directory '/root/workfiles/opencv-4.5.4/build/build/CMakeFiles/CMakeTmp'
Building CXX object CMakeFiles/cmTC_fbfe8.dir/src.cxx.o
/usr/bin/c++   -fsigned-char -W -Wall -Werror=return-type -Werror=non-virtual-dtor -Werror=address -Werror=sequence-point -Wformat -Werror=format-security -Wundef -Winit-self -Wpointer-arith -Wshadow -Wsign-promo -Wuninitialized -Wsuggest-override -Wno-delete-non-virtual-dtor -Wno-comment -fdiagnostics-show-option -pthread -fomit-frame-pointer -ffunction-sections -fdata-sections    -fvisibility=hidden -fvisibility-inlines-hidden -Wno-missing-declarations -Wno-unused-parameter  -O3 -DNDEBUG  -DNDEBUG -fPIE    -Wno-missing-prototypes -std=c++11 -o CMakeFiles/cmTC_fbfe8.dir/src.cxx.o -c /root/workfiles/opencv-4.5.4/build/build/CMakeFiles/CMakeTmp/src.cxx
cc1plus: warning: command line option '-Wno-missing-prototypes' is valid for C/ObjC but not for C++
/root/workfiles/opencv-4.5.4/build/build/CMakeFiles/CMakeTmp/src.cxx:1:0: warning: ignoring #pragma   [-Wunknown-pragmas]
 #pragma
 ^
Linking CXX executable cmTC_fbfe8
/usr/local/bin/cmake -E cmake_link_script CMakeFiles/cmTC_fbfe8.dir/link.txt --verbose=1
/usr/bin/c++    -fsigned-char -W -Wall -Werror=return-type -Werror=non-virtual-dtor -Werror=address -Werror=sequence-point -Wformat -Werror=format-security -Wundef -Winit-self -Wpointer-arith -Wshadow -Wsign-promo -Wuninitialized -Wsuggest-override -Wno-delete-non-virtual-dtor -Wno-comment -fdiagnostics-show-option -pthread -fomit-frame-pointer -ffunction-sections -fdata-sections    -fvisibility=hidden -fvisibility-inlines-hidden -Wno-missing-declarations -Wno-unused-parameter  -O3 -DNDEBUG  -DNDEBUG   -Wl,--gc-sections -Wl,--as-needed  CMakeFiles/cmTC_fbfe8.dir/src.cxx.o -o cmTC_fbfe8 
make[1]: Leaving directory '/root/workfiles/opencv-4.5.4/build/build/CMakeFiles/CMakeTmp'


===== END =====

Build output check failed:
    Regex: 'unrecognized .*option'
    Output line: 'cc1: warning: unrecognized command line option '-Wno-implicit-const-int-float-conversion''
Compilation failed:
    source file: '/root/workfiles/opencv-4.5.4/build/build/CMakeFiles/CMakeTmp/src.c'
    check option: ' -Wno-implicit-const-int-float-conversion'
===== BUILD LOG =====
Change Dir: /root/workfiles/opencv-4.5.4/build/build/CMakeFiles/CMakeTmp

Run Build Command(s):/usr/bin/make cmTC_ef5d0/fast && /usr/bin/make  -f CMakeFiles/cmTC_ef5d0.dir/build.make CMakeFiles/cmTC_ef5d0.dir/build
make[1]: Entering directory '/root/workfiles/opencv-4.5.4/build/build/CMakeFiles/CMakeTmp'
Building C object CMakeFiles/cmTC_ef5d0.dir/src.c.o
/usr/bin/cc   -fsigned-char -W -Wall -Werror=return-type -Werror=non-virtual-dtor -Werror=address -Werror=sequence-point -Wformat -Werror=format-security -Wmissing-declarations -Wmissing-prototypes -Wstrict-prototypes -Wundef -Winit-self -Wpointer-arith -Wshadow -Wuninitialized -Wno-comment -fdiagnostics-show-option -pthread -fomit-frame-pointer -ffunction-sections -fdata-sections    -fvisibility=hidden  -O3 -DNDEBUG  -DNDEBUG -fPIE    -Wno-implicit-const-int-float-conversion -o CMakeFiles/cmTC_ef5d0.dir/src.c.o -c /root/workfiles/opencv-4.5.4/build/build/CMakeFiles/CMakeTmp/src.c
/root/workfiles/opencv-4.5.4/build/build/CMakeFiles/CMakeTmp/src.c:1:0: warning: ignoring #pragma   [-Wunknown-pragmas]
 #pragma
 ^
cc1: warning: unrecognized command line option '-Wno-implicit-const-int-float-conversion'
Linking C executable cmTC_ef5d0
/usr/local/bin/cmake -E cmake_link_script CMakeFiles/cmTC_ef5d0.dir/link.txt --verbose=1
/usr/bin/cc    -fsigned-char -W -Wall -Werror=return-type -Werror=non-virtual-dtor -Werror=address -Werror=sequence-point -Wformat -Werror=format-security -Wmissing-declarations -Wmissing-prototypes -Wstrict-prototypes -Wundef -Winit-self -Wpointer-arith -Wshadow -Wuninitialized -Wno-comment -fdiagnostics-show-option -pthread -fomit-frame-pointer -ffunction-sections -fdata-sections    -fvisibility=hidden  -O3 -DNDEBUG  -DNDEBUG   -Wl,--gc-sections -Wl,--as-needed  CMakeFiles/cmTC_ef5d0.dir/src.c.o -o cmTC_ef5d0 
make[1]: Leaving directory '/root/workfiles/opencv-4.5.4/build/build/CMakeFiles/CMakeTmp'


===== END =====

Determining if the _aligned_malloc exist failed with the following output:
Change Dir: /root/workfiles/opencv-4.5.4/build/build/CMakeFiles/CMakeTmp

Run Build Command(s):/usr/bin/make cmTC_6d2fa/fast && /usr/bin/make  -f CMakeFiles/cmTC_6d2fa.dir/build.make CMakeFiles/cmTC_6d2fa.dir/build
make[1]: Entering directory '/root/workfiles/opencv-4.5.4/build/build/CMakeFiles/CMakeTmp'
Building C object CMakeFiles/cmTC_6d2fa.dir/CheckSymbolExists.c.o
/usr/bin/cc   -fsigned-char -W -Wall -Werror=return-type -Werror=non-virtual-dtor -Werror=address -Werror=sequence-point -Wformat -Werror=format-security -Wmissing-declarations -Wmissing-prototypes -Wstrict-prototypes -Wundef -Winit-self -Wpointer-arith -Wshadow -Wuninitialized -Wno-comment -fdiagnostics-show-option -pthread -fomit-frame-pointer -ffunction-sections -fdata-sections    -fvisibility=hidden  -O3 -DNDEBUG  -DNDEBUG -fPIE -o CMakeFiles/cmTC_6d2fa.dir/CheckSymbolExists.c.o -c /root/workfiles/opencv-4.5.4/build/build/CMakeFiles/CMakeTmp/CheckSymbolExists.c
/root/workfiles/opencv-4.5.4/build/build/CMakeFiles/CMakeTmp/CheckSymbolExists.c: In function 'main':
/root/workfiles/opencv-4.5.4/build/build/CMakeFiles/CMakeTmp/CheckSymbolExists.c:8:19: error: '_aligned_malloc' undeclared (first use in this function)
   return ((int*)(&_aligned_malloc))[argc];
                   ^
/root/workfiles/opencv-4.5.4/build/build/CMakeFiles/CMakeTmp/CheckSymbolExists.c:8:19: note: each undeclared identifier is reported only once for each function it appears in
/root/workfiles/opencv-4.5.4/build/build/CMakeFiles/CMakeTmp/CheckSymbolExists.c:4:14: warning: parameter 'argc' set but not used [-Wunused-but-set-parameter]
 int main(int argc, char** argv)
              ^
CMakeFiles/cmTC_6d2fa.dir/build.make:84: recipe for target 'CMakeFiles/cmTC_6d2fa.dir/CheckSymbolExists.c.o' failed
make[1]: *** [CMakeFiles/cmTC_6d2fa.dir/CheckSymbolExists.c.o] Error 1
make[1]: Leaving directory '/root/workfiles/opencv-4.5.4/build/build/CMakeFiles/CMakeTmp'
Makefile:140: recipe for target 'cmTC_6d2fa/fast' failed
make: *** [cmTC_6d2fa/fast] Error 2


File /root/workfiles/opencv-4.5.4/build/build/CMakeFiles/CMakeTmp/CheckSymbolExists.c:
/* */
#include <malloc.h>

int main(int argc, char** argv)
{
  (void)argv;
#ifndef _aligned_malloc
  return ((int*)(&_aligned_malloc))[argc];
#else
  (void)argc;
  return 0;
#endif
}
Build output check failed:
    Regex: 'unrecognized .*option'
    Output line: 'cc1: warning: unrecognized command line option '-Wno-cast-function-type''
Compilation failed:
    source file: '/root/workfiles/opencv-4.5.4/build/build/CMakeFiles/CMakeTmp/src.c'
    check option: ' -Wno-cast-function-type'
===== BUILD LOG =====
Change Dir: /root/workfiles/opencv-4.5.4/build/build/CMakeFiles/CMakeTmp

Run Build Command(s):/usr/bin/make cmTC_69585/fast && /usr/bin/make  -f CMakeFiles/cmTC_69585.dir/build.make CMakeFiles/cmTC_69585.dir/build
make[1]: Entering directory '/root/workfiles/opencv-4.5.4/build/build/CMakeFiles/CMakeTmp'
Building C object CMakeFiles/cmTC_69585.dir/src.c.o
/usr/bin/cc   -fsigned-char -W -Wall -Werror=return-type -Werror=non-virtual-dtor -Werror=address -Werror=sequence-point -Wformat -Werror=format-security -Wmissing-declarations -Wmissing-prototypes -Winit-self -Wpointer-arith -Wshadow -Wuninitialized -Wno-comment -fdiagnostics-show-option -pthread -fomit-frame-pointer -ffunction-sections -fdata-sections    -fvisibility=hidden -Wno-undef -Wno-strict-prototypes  -O3 -DNDEBUG  -DNDEBUG -fPIE    -Wno-cast-function-type -o CMakeFiles/cmTC_69585.dir/src.c.o -c /root/workfiles/opencv-4.5.4/build/build/CMakeFiles/CMakeTmp/src.c
/root/workfiles/opencv-4.5.4/build/build/CMakeFiles/CMakeTmp/src.c:1:0: warning: ignoring #pragma   [-Wunknown-pragmas]
 #pragma
 ^
cc1: warning: unrecognized command line option '-Wno-cast-function-type'
Linking C executable cmTC_69585
/usr/local/bin/cmake -E cmake_link_script CMakeFiles/cmTC_69585.dir/link.txt --verbose=1
/usr/bin/cc    -fsigned-char -W -Wall -Werror=return-type -Werror=non-virtual-dtor -Werror=address -Werror=sequence-point -Wformat -Werror=format-security -Wmissing-declarations -Wmissing-prototypes -Winit-self -Wpointer-arith -Wshadow -Wuninitialized -Wno-comment -fdiagnostics-show-option -pthread -fomit-frame-pointer -ffunction-sections -fdata-sections    -fvisibility=hidden -Wno-undef -Wno-strict-prototypes  -O3 -DNDEBUG  -DNDEBUG   -Wl,--gc-sections -Wl,--as-needed  CMakeFiles/cmTC_69585.dir/src.c.o -o cmTC_69585 
make[1]: Leaving directory '/root/workfiles/opencv-4.5.4/build/build/CMakeFiles/CMakeTmp'


===== END =====

Build output check failed:
    Regex: 'unrecognized .*option'
    Output line: 'cc1plus: warning: unrecognized command line option '-Wno-misleading-indentation''
Compilation failed:
    source file: '/root/workfiles/opencv-4.5.4/build/build/CMakeFiles/CMakeTmp/src.cxx'
    check option: ' -Wno-misleading-indentation'
===== BUILD LOG =====
Change Dir: /root/workfiles/opencv-4.5.4/build/build/CMakeFiles/CMakeTmp

Run Build Command(s):/usr/bin/make cmTC_5451f/fast && /usr/bin/make  -f CMakeFiles/cmTC_5451f.dir/build.make CMakeFiles/cmTC_5451f.dir/build
make[1]: Entering directory '/root/workfiles/opencv-4.5.4/build/build/CMakeFiles/CMakeTmp'
Building CXX object CMakeFiles/cmTC_5451f.dir/src.cxx.o
/usr/bin/c++   -fsigned-char -W -Wall -Werror=return-type -Werror=non-virtual-dtor -Werror=address -Werror=sequence-point -Wformat -Werror=format-security -Winit-self -Wpointer-arith -Wsign-promo -Wsuggest-override -Wno-delete-non-virtual-dtor -Wno-comment -fdiagnostics-show-option -pthread -fomit-frame-pointer -ffunction-sections -fdata-sections    -fvisibility=hidden -fvisibility-inlines-hidden -Wno-shadow -Wno-unused -Wno-sign-compare -Wno-undef -Wno-missing-declarations -Wno-uninitialized -Wno-switch -Wno-parentheses -Wno-array-bounds -Wno-extra -Wno-deprecated-declarations  -O3 -DNDEBUG  -DNDEBUG -fPIE    -Wno-misleading-indentation -std=c++11 -o CMakeFiles/cmTC_5451f.dir/src.cxx.o -c /root/workfiles/opencv-4.5.4/build/build/CMakeFiles/CMakeTmp/src.cxx
/root/workfiles/opencv-4.5.4/build/build/CMakeFiles/CMakeTmp/src.cxx:1:0: warning: ignoring #pragma   [-Wunknown-pragmas]
 #pragma
 ^
cc1plus: warning: unrecognized command line option '-Wno-misleading-indentation'
Linking CXX executable cmTC_5451f
/usr/local/bin/cmake -E cmake_link_script CMakeFiles/cmTC_5451f.dir/link.txt --verbose=1
/usr/bin/c++    -fsigned-char -W -Wall -Werror=return-type -Werror=non-virtual-dtor -Werror=address -Werror=sequence-point -Wformat -Werror=format-security -Winit-self -Wpointer-arith -Wsign-promo -Wsuggest-override -Wno-delete-non-virtual-dtor -Wno-comment -fdiagnostics-show-option -pthread -fomit-frame-pointer -ffunction-sections -fdata-sections    -fvisibility=hidden -fvisibility-inlines-hidden -Wno-shadow -Wno-unused -Wno-sign-compare -Wno-undef -Wno-missing-declarations -Wno-uninitialized -Wno-switch -Wno-parentheses -Wno-array-bounds -Wno-extra -Wno-deprecated-declarations  -O3 -DNDEBUG  -DNDEBUG   -Wl,--gc-sections -Wl,--as-needed  CMakeFiles/cmTC_5451f.dir/src.cxx.o -o cmTC_5451f 
make[1]: Leaving directory '/root/workfiles/opencv-4.5.4/build/build/CMakeFiles/CMakeTmp'


===== END =====

Build output check failed:
    Regex: 'unrecognized .*option'
    Output line: 'cc1plus: warning: unrecognized command line option '-Wno-inconsistent-missing-override''
Compilation failed:
    source file: '/root/workfiles/opencv-4.5.4/build/build/CMakeFiles/CMakeTmp/src.cxx'
    check option: ' -Wno-inconsistent-missing-override'
===== BUILD LOG =====
Change Dir: /root/workfiles/opencv-4.5.4/build/build/CMakeFiles/CMakeTmp

Run Build Command(s):/usr/bin/make cmTC_14b57/fast && /usr/bin/make  -f CMakeFiles/cmTC_14b57.dir/build.make CMakeFiles/cmTC_14b57.dir/build
make[1]: Entering directory '/root/workfiles/opencv-4.5.4/build/build/CMakeFiles/CMakeTmp'
Building CXX object CMakeFiles/cmTC_14b57.dir/src.cxx.o
/usr/bin/c++   -fsigned-char -W -Wall -Werror=return-type -Werror=non-virtual-dtor -Werror=address -Werror=sequence-point -Wformat -Werror=format-security -Winit-self -Wpointer-arith -Wsign-promo -Wno-delete-non-virtual-dtor -Wno-comment -fdiagnostics-show-option -pthread -fomit-frame-pointer -ffunction-sections -fdata-sections    -fvisibility=hidden -fvisibility-inlines-hidden -Wno-shadow -Wno-unused -Wno-sign-compare -Wno-undef -Wno-missing-declarations -Wno-uninitialized -Wno-switch -Wno-parentheses -Wno-array-bounds -Wno-extra -Wno-deprecated-declarations -Wno-deprecated -Wno-suggest-override  -O3 -DNDEBUG  -DNDEBUG -fPIE    -Wno-inconsistent-missing-override -std=c++11 -o CMakeFiles/cmTC_14b57.dir/src.cxx.o -c /root/workfiles/opencv-4.5.4/build/build/CMakeFiles/CMakeTmp/src.cxx
/root/workfiles/opencv-4.5.4/build/build/CMakeFiles/CMakeTmp/src.cxx:1:0: warning: ignoring #pragma   [-Wunknown-pragmas]
 #pragma
 ^
cc1plus: warning: unrecognized command line option '-Wno-inconsistent-missing-override'
Linking CXX executable cmTC_14b57
/usr/local/bin/cmake -E cmake_link_script CMakeFiles/cmTC_14b57.dir/link.txt --verbose=1
/usr/bin/c++    -fsigned-char -W -Wall -Werror=return-type -Werror=non-virtual-dtor -Werror=address -Werror=sequence-point -Wformat -Werror=format-security -Winit-self -Wpointer-arith -Wsign-promo -Wno-delete-non-virtual-dtor -Wno-comment -fdiagnostics-show-option -pthread -fomit-frame-pointer -ffunction-sections -fdata-sections    -fvisibility=hidden -fvisibility-inlines-hidden -Wno-shadow -Wno-unused -Wno-sign-compare -Wno-undef -Wno-missing-declarations -Wno-uninitialized -Wno-switch -Wno-parentheses -Wno-array-bounds -Wno-extra -Wno-deprecated-declarations -Wno-deprecated -Wno-suggest-override  -O3 -DNDEBUG  -DNDEBUG   -Wl,--gc-sections -Wl,--as-needed  CMakeFiles/cmTC_14b57.dir/src.cxx.o -o cmTC_14b57 
make[1]: Leaving directory '/root/workfiles/opencv-4.5.4/build/build/CMakeFiles/CMakeTmp'


===== END =====

Build output check failed:
    Regex: 'unrecognized .*option'
    Output line: 'cc1plus: warning: unrecognized command line option '-Wno-implicit-fallthrough''
Compilation failed:
    source file: '/root/workfiles/opencv-4.5.4/build/build/CMakeFiles/CMakeTmp/src.cxx'
    check option: ' -Wno-implicit-fallthrough'
===== BUILD LOG =====
Change Dir: /root/workfiles/opencv-4.5.4/build/build/CMakeFiles/CMakeTmp

Run Build Command(s):/usr/bin/make cmTC_9e0b7/fast && /usr/bin/make  -f CMakeFiles/cmTC_9e0b7.dir/build.make CMakeFiles/cmTC_9e0b7.dir/build
make[1]: Entering directory '/root/workfiles/opencv-4.5.4/build/build/CMakeFiles/CMakeTmp'
Building CXX object CMakeFiles/cmTC_9e0b7.dir/src.cxx.o
/usr/bin/c++   -fsigned-char -W -Wall -Werror=return-type -Werror=non-virtual-dtor -Werror=address -Werror=sequence-point -Wformat -Werror=format-security -Winit-self -Wpointer-arith -Wsign-promo -Wno-delete-non-virtual-dtor -Wno-comment -fdiagnostics-show-option -pthread -fomit-frame-pointer -ffunction-sections -fdata-sections    -fvisibility=hidden -fvisibility-inlines-hidden -Wno-shadow -Wno-unused -Wno-sign-compare -Wno-undef -Wno-missing-declarations -Wno-uninitialized -Wno-switch -Wno-parentheses -Wno-array-bounds -Wno-extra -Wno-deprecated-declarations -Wno-deprecated -Wno-suggest-override  -O3 -DNDEBUG  -DNDEBUG -fPIE    -Wno-implicit-fallthrough -std=c++11 -o CMakeFiles/cmTC_9e0b7.dir/src.cxx.o -c /root/workfiles/opencv-4.5.4/build/build/CMakeFiles/CMakeTmp/src.cxx
/root/workfiles/opencv-4.5.4/build/build/CMakeFiles/CMakeTmp/src.cxx:1:0: warning: ignoring #pragma   [-Wunknown-pragmas]
 #pragma
 ^
cc1plus: warning: unrecognized command line option '-Wno-implicit-fallthrough'
Linking CXX executable cmTC_9e0b7
/usr/local/bin/cmake -E cmake_link_script CMakeFiles/cmTC_9e0b7.dir/link.txt --verbose=1
/usr/bin/c++    -fsigned-char -W -Wall -Werror=return-type -Werror=non-virtual-dtor -Werror=address -Werror=sequence-point -Wformat -Werror=format-security -Winit-self -Wpointer-arith -Wsign-promo -Wno-delete-non-virtual-dtor -Wno-comment -fdiagnostics-show-option -pthread -fomit-frame-pointer -ffunction-sections -fdata-sections    -fvisibility=hidden -fvisibility-inlines-hidden -Wno-shadow -Wno-unused -Wno-sign-compare -Wno-undef -Wno-missing-declarations -Wno-uninitialized -Wno-switch -Wno-parentheses -Wno-array-bounds -Wno-extra -Wno-deprecated-declarations -Wno-deprecated -Wno-suggest-override  -O3 -DNDEBUG  -DNDEBUG   -Wl,--gc-sections -Wl,--as-needed  CMakeFiles/cmTC_9e0b7.dir/src.cxx.o -o cmTC_9e0b7 
make[1]: Leaving directory '/root/workfiles/opencv-4.5.4/build/build/CMakeFiles/CMakeTmp'


===== END =====

Build output check failed:
    Regex: 'unrecognized .*option'
    Output line: 'cc1plus: warning: unrecognized command line option '-Wno-tautological-compare''
Compilation failed:
    source file: '/root/workfiles/opencv-4.5.4/build/build/CMakeFiles/CMakeTmp/src.cxx'
    check option: ' -Wno-tautological-compare'
===== BUILD LOG =====
Change Dir: /root/workfiles/opencv-4.5.4/build/build/CMakeFiles/CMakeTmp

Run Build Command(s):/usr/bin/make cmTC_441d4/fast && /usr/bin/make  -f CMakeFiles/cmTC_441d4.dir/build.make CMakeFiles/cmTC_441d4.dir/build
make[1]: Entering directory '/root/workfiles/opencv-4.5.4/build/build/CMakeFiles/CMakeTmp'
Building CXX object CMakeFiles/cmTC_441d4.dir/src.cxx.o
/usr/bin/c++   -fsigned-char -W -Wall -Werror=return-type -Werror=non-virtual-dtor -Werror=address -Werror=sequence-point -Wformat -Werror=format-security -Winit-self -Wpointer-arith -Wsign-promo -Wno-delete-non-virtual-dtor -Wno-comment -fdiagnostics-show-option -pthread -fomit-frame-pointer -ffunction-sections -fdata-sections    -fvisibility=hidden -fvisibility-inlines-hidden -Wno-shadow -Wno-unused -Wno-sign-compare -Wno-undef -Wno-missing-declarations -Wno-uninitialized -Wno-switch -Wno-parentheses -Wno-array-bounds -Wno-extra -Wno-deprecated-declarations -Wno-deprecated -Wno-suggest-override  -O3 -DNDEBUG  -DNDEBUG -fPIE    -Wno-tautological-compare -std=c++11 -o CMakeFiles/cmTC_441d4.dir/src.cxx.o -c /root/workfiles/opencv-4.5.4/build/build/CMakeFiles/CMakeTmp/src.cxx
/root/workfiles/opencv-4.5.4/build/build/CMakeFiles/CMakeTmp/src.cxx:1:0: warning: ignoring #pragma   [-Wunknown-pragmas]
 #pragma
 ^
cc1plus: warning: unrecognized command line option '-Wno-tautological-compare'
Linking CXX executable cmTC_441d4
/usr/local/bin/cmake -E cmake_link_script CMakeFiles/cmTC_441d4.dir/link.txt --verbose=1
/usr/bin/c++    -fsigned-char -W -Wall -Werror=return-type -Werror=non-virtual-dtor -Werror=address -Werror=sequence-point -Wformat -Werror=format-security -Winit-self -Wpointer-arith -Wsign-promo -Wno-delete-non-virtual-dtor -Wno-comment -fdiagnostics-show-option -pthread -fomit-frame-pointer -ffunction-sections -fdata-sections    -fvisibility=hidden -fvisibility-inlines-hidden -Wno-shadow -Wno-unused -Wno-sign-compare -Wno-undef -Wno-missing-declarations -Wno-uninitialized -Wno-switch -Wno-parentheses -Wno-array-bounds -Wno-extra -Wno-deprecated-declarations -Wno-deprecated -Wno-suggest-override  -O3 -DNDEBUG  -DNDEBUG   -Wl,--gc-sections -Wl,--as-needed  CMakeFiles/cmTC_441d4.dir/src.cxx.o -o cmTC_441d4 
make[1]: Leaving directory '/root/workfiles/opencv-4.5.4/build/build/CMakeFiles/CMakeTmp'


===== END =====

Build output check failed:
    Regex: 'unrecognized .*option'
    Output line: 'cc1plus: warning: unrecognized command line option '-Wno-implicit-const-int-float-conversion''
Compilation failed:
    source file: '/root/workfiles/opencv-4.5.4/build/build/CMakeFiles/CMakeTmp/src.cxx'
    check option: ' -Wno-implicit-const-int-float-conversion'
===== BUILD LOG =====
Change Dir: /root/workfiles/opencv-4.5.4/build/build/CMakeFiles/CMakeTmp

Run Build Command(s):/usr/bin/make cmTC_a1a0d/fast && /usr/bin/make  -f CMakeFiles/cmTC_a1a0d.dir/build.make CMakeFiles/cmTC_a1a0d.dir/build
make[1]: Entering directory '/root/workfiles/opencv-4.5.4/build/build/CMakeFiles/CMakeTmp'
Building CXX object CMakeFiles/cmTC_a1a0d.dir/src.cxx.o
/usr/bin/c++   -fsigned-char -W -Wall -Werror=return-type -Werror=non-virtual-dtor -Werror=address -Werror=sequence-point -Wformat -Werror=format-security -Winit-self -Wpointer-arith -Wsign-promo -Wno-delete-non-virtual-dtor -Wno-comment -fdiagnostics-show-option -pthread -fomit-frame-pointer -ffunction-sections -fdata-sections    -fvisibility=hidden -fvisibility-inlines-hidden -Wno-shadow -Wno-unused -Wno-sign-compare -Wno-undef -Wno-missing-declarations -Wno-uninitialized -Wno-switch -Wno-parentheses -Wno-array-bounds -Wno-extra -Wno-deprecated-declarations -Wno-deprecated -Wno-suggest-override -Wno-reorder -Wno-unused-result  -O3 -DNDEBUG  -DNDEBUG -fPIE    -Wno-implicit-const-int-float-conversion -std=c++11 -o CMakeFiles/cmTC_a1a0d.dir/src.cxx.o -c /root/workfiles/opencv-4.5.4/build/build/CMakeFiles/CMakeTmp/src.cxx
/root/workfiles/opencv-4.5.4/build/build/CMakeFiles/CMakeTmp/src.cxx:1:0: warning: ignoring #pragma   [-Wunknown-pragmas]
 #pragma
 ^
cc1plus: warning: unrecognized command line option '-Wno-implicit-const-int-float-conversion'
Linking CXX executable cmTC_a1a0d
/usr/local/bin/cmake -E cmake_link_script CMakeFiles/cmTC_a1a0d.dir/link.txt --verbose=1
/usr/bin/c++    -fsigned-char -W -Wall -Werror=return-type -Werror=non-virtual-dtor -Werror=address -Werror=sequence-point -Wformat -Werror=format-security -Winit-self -Wpointer-arith -Wsign-promo -Wno-delete-non-virtual-dtor -Wno-comment -fdiagnostics-show-option -pthread -fomit-frame-pointer -ffunction-sections -fdata-sections    -fvisibility=hidden -fvisibility-inlines-hidden -Wno-shadow -Wno-unused -Wno-sign-compare -Wno-undef -Wno-missing-declarations -Wno-uninitialized -Wno-switch -Wno-parentheses -Wno-array-bounds -Wno-extra -Wno-deprecated-declarations -Wno-deprecated -Wno-suggest-override -Wno-reorder -Wno-unused-result  -O3 -DNDEBUG  -DNDEBUG   -Wl,--gc-sections -Wl,--as-needed  CMakeFiles/cmTC_a1a0d.dir/src.cxx.o -o cmTC_a1a0d 
make[1]: Leaving directory '/root/workfiles/opencv-4.5.4/build/build/CMakeFiles/CMakeTmp'


===== END =====

Determining if the function sgemm_ exists failed with the following output:
Change Dir: /root/workfiles/opencv-4.5.4/build/build/CMakeFiles/CMakeTmp

Run Build Command(s):/usr/bin/make cmTC_1d1d0/fast && /usr/bin/make  -f CMakeFiles/cmTC_1d1d0.dir/build.make CMakeFiles/cmTC_1d1d0.dir/build
make[1]: Entering directory '/root/workfiles/opencv-4.5.4/build/build/CMakeFiles/CMakeTmp'
Building C object CMakeFiles/cmTC_1d1d0.dir/CheckFunctionExists.c.o
/usr/bin/cc   -fsigned-char -W -Wall -Werror=return-type -Werror=non-virtual-dtor -Werror=address -Werror=sequence-point -Wformat -Werror=format-security -Wmissing-declarations -Wmissing-prototypes -Wstrict-prototypes -Wundef -Winit-self -Wpointer-arith -Wshadow -Wuninitialized -Wno-comment -fdiagnostics-show-option -pthread -fomit-frame-pointer -ffunction-sections -fdata-sections    -fvisibility=hidden -DCHECK_FUNCTION_EXISTS=sgemm_ -O3 -DNDEBUG  -DNDEBUG -fPIE -o CMakeFiles/cmTC_1d1d0.dir/CheckFunctionExists.c.o -c /usr/local/share/cmake-3.19/Modules/CheckFunctionExists.c
Linking C executable cmTC_1d1d0
/usr/local/bin/cmake -E cmake_link_script CMakeFiles/cmTC_1d1d0.dir/link.txt --verbose=1
/usr/bin/cc    -fsigned-char -W -Wall -Werror=return-type -Werror=non-virtual-dtor -Werror=address -Werror=sequence-point -Wformat -Werror=format-security -Wmissing-declarations -Wmissing-prototypes -Wstrict-prototypes -Wundef -Winit-self -Wpointer-arith -Wshadow -Wuninitialized -Wno-comment -fdiagnostics-show-option -pthread -fomit-frame-pointer -ffunction-sections -fdata-sections    -fvisibility=hidden -DCHECK_FUNCTION_EXISTS=sgemm_ -O3 -DNDEBUG  -DNDEBUG   -Wl,--gc-sections -Wl,--as-needed  CMakeFiles/cmTC_1d1d0.dir/CheckFunctionExists.c.o -o cmTC_1d1d0 
CMakeFiles/cmTC_1d1d0.dir/CheckFunctionExists.c.o: In function `main':
CheckFunctionExists.c:(.text.startup.main+0x10): undefined reference to `sgemm_'
collect2: error: ld returned 1 exit status
CMakeFiles/cmTC_1d1d0.dir/build.make:105: recipe for target 'cmTC_1d1d0' failed
make[1]: *** [cmTC_1d1d0] Error 1
make[1]: Leaving directory '/root/workfiles/opencv-4.5.4/build/build/CMakeFiles/CMakeTmp'
Makefile:140: recipe for target 'cmTC_1d1d0/fast' failed
make: *** [cmTC_1d1d0/fast] Error 2



Build output check failed:
    Regex: 'unrecognized .*option'
    Output line: 'cc1plus: warning: unrecognized command line option '-Wno-tautological-undefined-compare''
Compilation failed:
    source file: '/root/workfiles/opencv-4.5.4/build/build/CMakeFiles/CMakeTmp/src.cxx'
    check option: ' -Wno-tautological-undefined-compare'
===== BUILD LOG =====
Change Dir: /root/workfiles/opencv-4.5.4/build/build/CMakeFiles/CMakeTmp

Run Build Command(s):/usr/bin/make cmTC_0439e/fast && /usr/bin/make  -f CMakeFiles/cmTC_0439e.dir/build.make CMakeFiles/cmTC_0439e.dir/build
make[1]: Entering directory '/root/workfiles/opencv-4.5.4/build/build/CMakeFiles/CMakeTmp'
Building CXX object CMakeFiles/cmTC_0439e.dir/src.cxx.o
/usr/bin/c++   -fsigned-char -W -Wall -Werror=return-type -Werror=non-virtual-dtor -Werror=address -Werror=sequence-point -Wformat -Werror=format-security -Winit-self -Wpointer-arith -Wuninitialized -Wsuggest-override -Wno-delete-non-virtual-dtor -Wno-comment -fdiagnostics-show-option -pthread -fomit-frame-pointer -ffunction-sections -fdata-sections    -fvisibility=hidden -fvisibility-inlines-hidden -Wno-deprecated -Wno-missing-declarations -Wno-shadow -Wno-unused-parameter -Wno-unused-local-typedefs -Wno-sign-compare -Wno-sign-promo -Wno-undef  -O3 -DNDEBUG  -DNDEBUG -fPIE    -Wno-tautological-undefined-compare -std=c++11 -o CMakeFiles/cmTC_0439e.dir/src.cxx.o -c /root/workfiles/opencv-4.5.4/build/build/CMakeFiles/CMakeTmp/src.cxx
/root/workfiles/opencv-4.5.4/build/build/CMakeFiles/CMakeTmp/src.cxx:1:0: warning: ignoring #pragma   [-Wunknown-pragmas]
 #pragma
 ^
cc1plus: warning: unrecognized command line option '-Wno-tautological-undefined-compare'
Linking CXX executable cmTC_0439e
/usr/local/bin/cmake -E cmake_link_script CMakeFiles/cmTC_0439e.dir/link.txt --verbose=1
/usr/bin/c++    -fsigned-char -W -Wall -Werror=return-type -Werror=non-virtual-dtor -Werror=address -Werror=sequence-point -Wformat -Werror=format-security -Winit-self -Wpointer-arith -Wuninitialized -Wsuggest-override -Wno-delete-non-virtual-dtor -Wno-comment -fdiagnostics-show-option -pthread -fomit-frame-pointer -ffunction-sections -fdata-sections    -fvisibility=hidden -fvisibility-inlines-hidden -Wno-deprecated -Wno-missing-declarations -Wno-shadow -Wno-unused-parameter -Wno-unused-local-typedefs -Wno-sign-compare -Wno-sign-promo -Wno-undef  -O3 -DNDEBUG  -DNDEBUG   -Wl,--gc-sections -Wl,--as-needed  CMakeFiles/cmTC_0439e.dir/src.cxx.o -o cmTC_0439e 
make[1]: Leaving directory '/root/workfiles/opencv-4.5.4/build/build/CMakeFiles/CMakeTmp'


===== END =====

Build output check failed:
    Regex: 'unrecognized .*option'
    Output line: 'cc1plus: warning: unrecognized command line option '-Wno-unused-const-variable''
Compilation failed:
    source file: '/root/workfiles/opencv-4.5.4/build/build/CMakeFiles/CMakeTmp/src.cxx'
    check option: ' -Wno-unused-const-variable'
===== BUILD LOG =====
Change Dir: /root/workfiles/opencv-4.5.4/build/build/CMakeFiles/CMakeTmp

Run Build Command(s):/usr/bin/make cmTC_d4c0a/fast && /usr/bin/make  -f CMakeFiles/cmTC_d4c0a.dir/build.make CMakeFiles/cmTC_d4c0a.dir/build
make[1]: Entering directory '/root/workfiles/opencv-4.5.4/build/build/CMakeFiles/CMakeTmp'
Building CXX object CMakeFiles/cmTC_d4c0a.dir/src.cxx.o
/usr/bin/c++   -fsigned-char -W -Wall -Werror=return-type -Werror=non-virtual-dtor -Werror=address -Werror=sequence-point -Wformat -Werror=format-security -Winit-self -Wpointer-arith -Wuninitialized -Wsuggest-override -Wno-delete-non-virtual-dtor -Wno-comment -fdiagnostics-show-option -pthread -fomit-frame-pointer -ffunction-sections -fdata-sections    -fvisibility=hidden -fvisibility-inlines-hidden -Wno-deprecated -Wno-missing-declarations -Wno-shadow -Wno-unused-parameter -Wno-unused-local-typedefs -Wno-sign-compare -Wno-sign-promo -Wno-undef -Wno-ignored-qualifiers -Wno-extra -Wno-unused-function  -O3 -DNDEBUG  -DNDEBUG -fPIE    -Wno-unused-const-variable -std=c++11 -o CMakeFiles/cmTC_d4c0a.dir/src.cxx.o -c /root/workfiles/opencv-4.5.4/build/build/CMakeFiles/CMakeTmp/src.cxx
/root/workfiles/opencv-4.5.4/build/build/CMakeFiles/CMakeTmp/src.cxx:1:0: warning: ignoring #pragma   [-Wunknown-pragmas]
 #pragma
 ^
cc1plus: warning: unrecognized command line option '-Wno-unused-const-variable'
Linking CXX executable cmTC_d4c0a
/usr/local/bin/cmake -E cmake_link_script CMakeFiles/cmTC_d4c0a.dir/link.txt --verbose=1
/usr/bin/c++    -fsigned-char -W -Wall -Werror=return-type -Werror=non-virtual-dtor -Werror=address -Werror=sequence-point -Wformat -Werror=format-security -Winit-self -Wpointer-arith -Wuninitialized -Wsuggest-override -Wno-delete-non-virtual-dtor -Wno-comment -fdiagnostics-show-option -pthread -fomit-frame-pointer -ffunction-sections -fdata-sections    -fvisibility=hidden -fvisibility-inlines-hidden -Wno-deprecated -Wno-missing-declarations -Wno-shadow -Wno-unused-parameter -Wno-unused-local-typedefs -Wno-sign-compare -Wno-sign-promo -Wno-undef -Wno-ignored-qualifiers -Wno-extra -Wno-unused-function  -O3 -DNDEBUG  -DNDEBUG   -Wl,--gc-sections -Wl,--as-needed  CMakeFiles/cmTC_d4c0a.dir/src.cxx.o -o cmTC_d4c0a 
make[1]: Leaving directory '/root/workfiles/opencv-4.5.4/build/build/CMakeFiles/CMakeTmp'


===== END =====

Build output check failed:
    Regex: 'unrecognized .*option'
    Output line: 'cc1plus: warning: unrecognized command line option '-Wno-shorten-64-to-32''
Compilation failed:
    source file: '/root/workfiles/opencv-4.5.4/build/build/CMakeFiles/CMakeTmp/src.cxx'
    check option: ' -Wno-shorten-64-to-32'
===== BUILD LOG =====
Change Dir: /root/workfiles/opencv-4.5.4/build/build/CMakeFiles/CMakeTmp

Run Build Command(s):/usr/bin/make cmTC_d0217/fast && /usr/bin/make  -f CMakeFiles/cmTC_d0217.dir/build.make CMakeFiles/cmTC_d0217.dir/build
make[1]: Entering directory '/root/workfiles/opencv-4.5.4/build/build/CMakeFiles/CMakeTmp'
Building CXX object CMakeFiles/cmTC_d0217.dir/src.cxx.o
/usr/bin/c++   -fsigned-char -W -Wall -Werror=return-type -Werror=non-virtual-dtor -Werror=address -Werror=sequence-point -Wformat -Werror=format-security -Winit-self -Wpointer-arith -Wuninitialized -Wsuggest-override -Wno-delete-non-virtual-dtor -Wno-comment -fdiagnostics-show-option -pthread -fomit-frame-pointer -ffunction-sections -fdata-sections    -fvisibility=hidden -fvisibility-inlines-hidden -Wno-deprecated -Wno-missing-declarations -Wno-shadow -Wno-unused-parameter -Wno-unused-local-typedefs -Wno-sign-compare -Wno-sign-promo -Wno-undef -Wno-ignored-qualifiers -Wno-extra -Wno-unused-function  -O3 -DNDEBUG  -DNDEBUG -fPIE    -Wno-shorten-64-to-32 -std=c++11 -o CMakeFiles/cmTC_d0217.dir/src.cxx.o -c /root/workfiles/opencv-4.5.4/build/build/CMakeFiles/CMakeTmp/src.cxx
/root/workfiles/opencv-4.5.4/build/build/CMakeFiles/CMakeTmp/src.cxx:1:0: warning: ignoring #pragma   [-Wunknown-pragmas]
 #pragma
 ^
cc1plus: warning: unrecognized command line option '-Wno-shorten-64-to-32'
Linking CXX executable cmTC_d0217
/usr/local/bin/cmake -E cmake_link_script CMakeFiles/cmTC_d0217.dir/link.txt --verbose=1
/usr/bin/c++    -fsigned-char -W -Wall -Werror=return-type -Werror=non-virtual-dtor -Werror=address -Werror=sequence-point -Wformat -Werror=format-security -Winit-self -Wpointer-arith -Wuninitialized -Wsuggest-override -Wno-delete-non-virtual-dtor -Wno-comment -fdiagnostics-show-option -pthread -fomit-frame-pointer -ffunction-sections -fdata-sections    -fvisibility=hidden -fvisibility-inlines-hidden -Wno-deprecated -Wno-missing-declarations -Wno-shadow -Wno-unused-parameter -Wno-unused-local-typedefs -Wno-sign-compare -Wno-sign-promo -Wno-undef -Wno-ignored-qualifiers -Wno-extra -Wno-unused-function  -O3 -DNDEBUG  -DNDEBUG   -Wl,--gc-sections -Wl,--as-needed  CMakeFiles/cmTC_d0217.dir/src.cxx.o -o cmTC_d0217 
make[1]: Leaving directory '/root/workfiles/opencv-4.5.4/build/build/CMakeFiles/CMakeTmp'


===== END =====

Build output check failed:
    Regex: 'unrecognized .*option'
    Output line: 'cc1plus: warning: unrecognized command line option '-Wno-enum-compare-switch''
Compilation failed:
    source file: '/root/workfiles/opencv-4.5.4/build/build/CMakeFiles/CMakeTmp/src.cxx'
    check option: ' -Wno-enum-compare-switch'
===== BUILD LOG =====
Change Dir: /root/workfiles/opencv-4.5.4/build/build/CMakeFiles/CMakeTmp

Run Build Command(s):/usr/bin/make cmTC_70b53/fast && /usr/bin/make  -f CMakeFiles/cmTC_70b53.dir/build.make CMakeFiles/cmTC_70b53.dir/build
make[1]: Entering directory '/root/workfiles/opencv-4.5.4/build/build/CMakeFiles/CMakeTmp'
Building CXX object CMakeFiles/cmTC_70b53.dir/src.cxx.o
/usr/bin/c++   -fsigned-char -W -Wall -Werror=return-type -Werror=non-virtual-dtor -Werror=address -Werror=sequence-point -Wformat -Werror=format-security -Winit-self -Wpointer-arith -Wuninitialized -Wsuggest-override -Wno-delete-non-virtual-dtor -Wno-comment -fdiagnostics-show-option -pthread -fomit-frame-pointer -ffunction-sections -fdata-sections    -fvisibility=hidden -fvisibility-inlines-hidden -Wno-deprecated -Wno-missing-declarations -Wno-shadow -Wno-unused-parameter -Wno-unused-local-typedefs -Wno-sign-compare -Wno-sign-promo -Wno-undef -Wno-ignored-qualifiers -Wno-extra -Wno-unused-function -Wno-invalid-offsetof  -O3 -DNDEBUG  -DNDEBUG -fPIE    -Wno-enum-compare-switch -std=c++11 -o CMakeFiles/cmTC_70b53.dir/src.cxx.o -c /root/workfiles/opencv-4.5.4/build/build/CMakeFiles/CMakeTmp/src.cxx
/root/workfiles/opencv-4.5.4/build/build/CMakeFiles/CMakeTmp/src.cxx:1:0: warning: ignoring #pragma   [-Wunknown-pragmas]
 #pragma
 ^
cc1plus: warning: unrecognized command line option '-Wno-enum-compare-switch'
Linking CXX executable cmTC_70b53
/usr/local/bin/cmake -E cmake_link_script CMakeFiles/cmTC_70b53.dir/link.txt --verbose=1
/usr/bin/c++    -fsigned-char -W -Wall -Werror=return-type -Werror=non-virtual-dtor -Werror=address -Werror=sequence-point -Wformat -Werror=format-security -Winit-self -Wpointer-arith -Wuninitialized -Wsuggest-override -Wno-delete-non-virtual-dtor -Wno-comment -fdiagnostics-show-option -pthread -fomit-frame-pointer -ffunction-sections -fdata-sections    -fvisibility=hidden -fvisibility-inlines-hidden -Wno-deprecated -Wno-missing-declarations -Wno-shadow -Wno-unused-parameter -Wno-unused-local-typedefs -Wno-sign-compare -Wno-sign-promo -Wno-undef -Wno-ignored-qualifiers -Wno-extra -Wno-unused-function -Wno-invalid-offsetof  -O3 -DNDEBUG  -DNDEBUG   -Wl,--gc-sections -Wl,--as-needed  CMakeFiles/cmTC_70b53.dir/src.cxx.o -o cmTC_70b53 
make[1]: Leaving directory '/root/workfiles/opencv-4.5.4/build/build/CMakeFiles/CMakeTmp'


===== END =====

Determining if the include file sys/videoio.h exists failed with the following output:
Change Dir: /root/workfiles/opencv-4.5.4/build/build/CMakeFiles/CMakeTmp

Run Build Command(s):/usr/bin/make cmTC_7f86b/fast && /usr/bin/make  -f CMakeFiles/cmTC_7f86b.dir/build.make CMakeFiles/cmTC_7f86b.dir/build
make[1]: Entering directory '/root/workfiles/opencv-4.5.4/build/build/CMakeFiles/CMakeTmp'
Building C object CMakeFiles/cmTC_7f86b.dir/CheckIncludeFile.c.o
/usr/bin/cc   -fsigned-char -W -Wall -Werror=return-type -Werror=non-virtual-dtor -Werror=address -Werror=sequence-point -Wformat -Werror=format-security -Wmissing-declarations -Wmissing-prototypes -Wstrict-prototypes -Wundef -Winit-self -Wpointer-arith -Wshadow -Wuninitialized -Wno-comment -fdiagnostics-show-option -pthread -fomit-frame-pointer -ffunction-sections -fdata-sections    -fvisibility=hidden  -O3 -DNDEBUG  -DNDEBUG -fPIE -o CMakeFiles/cmTC_7f86b.dir/CheckIncludeFile.c.o -c /root/workfiles/opencv-4.5.4/build/build/CMakeFiles/CMakeTmp/CheckIncludeFile.c
/root/workfiles/opencv-4.5.4/build/build/CMakeFiles/CMakeTmp/CheckIncludeFile.c:1:25: fatal error: sys/videoio.h: No such file or directory
compilation terminated.
CMakeFiles/cmTC_7f86b.dir/build.make:84: recipe for target 'CMakeFiles/cmTC_7f86b.dir/CheckIncludeFile.c.o' failed
make[1]: *** [CMakeFiles/cmTC_7f86b.dir/CheckIncludeFile.c.o] Error 1
make[1]: Leaving directory '/root/workfiles/opencv-4.5.4/build/build/CMakeFiles/CMakeTmp'
Makefile:140: recipe for target 'cmTC_7f86b/fast' failed
make: *** [cmTC_7f86b/fast] Error 2



